2019-03-31 22:15:55 [scrapy.utils.log] INFO: Scrapy 1.6.0 started (bot: qiushibaike)
2019-03-31 22:15:55 [scrapy.utils.log] INFO: Versions: lxml 4.3.2.0, libxml2 2.9.5, cssselect 1.0.3, parsel 1.5.1, w3lib 1.20.0, Twisted 18.9.0, Python 3.6.5 |Anaconda, Inc.| (default, Mar 29 2018, 13:32:41) [MSC v.1900 64 bit (AMD64)], pyOpenSSL 19.0.0 (OpenSSL 1.1.1b  26 Feb 2019), cryptography 2.6.1, Platform Windows-10-10.0.14393-SP0
2019-03-31 22:15:55 [scrapy.crawler] INFO: Overridden settings: {'BOT_NAME': 'qiushibaike', 'DOWNLOAD_DELAY': 3, 'LOG_FILE': 'qiushibaike_log.log', 'LOG_LEVEL': 'INFO', 'NEWSPIDER_MODULE': 'qiushibaike.spiders', 'ROBOTSTXT_OBEY': True, 'SPIDER_MODULES': ['qiushibaike.spiders']}
2019-03-31 22:15:55 [scrapy.extensions.telnet] INFO: Telnet Password: 5addb140cb29dfea
2019-03-31 22:15:55 [scrapy.middleware] INFO: Enabled extensions:
['scrapy.extensions.corestats.CoreStats',
 'scrapy.extensions.telnet.TelnetConsole',
 'scrapy.extensions.logstats.LogStats']
2019-03-31 22:15:55 [scrapy.middleware] INFO: Enabled downloader middlewares:
['scrapy.downloadermiddlewares.robotstxt.RobotsTxtMiddleware',
 'scrapy.downloadermiddlewares.httpauth.HttpAuthMiddleware',
 'scrapy.downloadermiddlewares.downloadtimeout.DownloadTimeoutMiddleware',
 'scrapy.downloadermiddlewares.defaultheaders.DefaultHeadersMiddleware',
 'scrapy.downloadermiddlewares.useragent.UserAgentMiddleware',
 'scrapy.downloadermiddlewares.retry.RetryMiddleware',
 'scrapy.downloadermiddlewares.redirect.MetaRefreshMiddleware',
 'scrapy.downloadermiddlewares.httpcompression.HttpCompressionMiddleware',
 'scrapy.downloadermiddlewares.redirect.RedirectMiddleware',
 'scrapy.downloadermiddlewares.cookies.CookiesMiddleware',
 'scrapy.downloadermiddlewares.httpproxy.HttpProxyMiddleware',
 'scrapy.downloadermiddlewares.stats.DownloaderStats']
2019-03-31 22:15:55 [scrapy.middleware] INFO: Enabled spider middlewares:
['scrapy.spidermiddlewares.httperror.HttpErrorMiddleware',
 'scrapy.spidermiddlewares.offsite.OffsiteMiddleware',
 'scrapy.spidermiddlewares.referer.RefererMiddleware',
 'scrapy.spidermiddlewares.urllength.UrlLengthMiddleware',
 'scrapy.spidermiddlewares.depth.DepthMiddleware']
2019-03-31 22:15:55 [scrapy.middleware] INFO: Enabled item pipelines:
['qiushibaike.pipelines.QiushibaikePipeline']
2019-03-31 22:15:55 [scrapy.core.engine] INFO: Spider opened
2019-03-31 22:15:55 [scrapy.extensions.logstats] INFO: Crawled 0 pages (at 0 pages/min), scraped 0 items (at 0 items/min)
2019-03-31 22:15:55 [scrapy.extensions.telnet] INFO: Telnet console listening on 127.0.0.1:6023
2019-03-31 22:16:50 [scrapy.core.engine] INFO: Closing spider (finished)
2019-03-31 22:16:50 [scrapy.statscollectors] INFO: Dumping Scrapy stats:
{'downloader/request_bytes': 4834,
 'downloader/request_count': 15,
 'downloader/request_method_count/GET': 15,
 'downloader/response_bytes': 277098,
 'downloader/response_count': 15,
 'downloader/response_status_count/200': 15,
 'dupefilter/filtered': 64,
 'finish_reason': 'finished',
 'finish_time': datetime.datetime(2019, 3, 31, 14, 16, 50, 512345),
 'item_scraped_count': 325,
 'log_count/INFO': 9,
 'request_depth_max': 4,
 'response_received_count': 15,
 'robotstxt/request_count': 1,
 'robotstxt/response_count': 1,
 'robotstxt/response_status_count/200': 1,
 'scheduler/dequeued': 14,
 'scheduler/dequeued/memory': 14,
 'scheduler/enqueued': 14,
 'scheduler/enqueued/memory': 14,
 'start_time': datetime.datetime(2019, 3, 31, 14, 15, 55, 943372)}
2019-03-31 22:16:50 [scrapy.core.engine] INFO: Spider closed (finished)
2019-04-01 15:29:43 [scrapy.utils.log] INFO: Scrapy 1.6.0 started (bot: qiushibaike)
2019-04-01 15:29:43 [scrapy.utils.log] INFO: Versions: lxml 4.3.2.0, libxml2 2.9.5, cssselect 1.0.3, parsel 1.5.1, w3lib 1.20.0, Twisted 18.9.0, Python 3.6.5 |Anaconda, Inc.| (default, Mar 29 2018, 13:32:41) [MSC v.1900 64 bit (AMD64)], pyOpenSSL 19.0.0 (OpenSSL 1.1.1b  26 Feb 2019), cryptography 2.6.1, Platform Windows-10-10.0.14393-SP0
2019-04-01 15:29:43 [scrapy.utils.spider] ERROR: More than one spider can handle: <GET https://www.qiushibaike.com/text/page/1/> - qiushitext, qiushitext2
2019-04-01 15:29:43 [scrapy.crawler] INFO: Overridden settings: {'BOT_NAME': 'qiushibaike', 'DOWNLOAD_DELAY': 3, 'DUPEFILTER_CLASS': 'scrapy.dupefilters.BaseDupeFilter', 'LOGSTATS_INTERVAL': 0, 'LOG_FILE': 'qiushibaike_log.log', 'LOG_LEVEL': 'INFO', 'NEWSPIDER_MODULE': 'qiushibaike.spiders', 'ROBOTSTXT_OBEY': True, 'SPIDER_MODULES': ['qiushibaike.spiders']}
2019-04-01 15:29:43 [scrapy.extensions.telnet] INFO: Telnet Password: 1916f02a9bd0880e
2019-04-01 15:29:43 [scrapy.middleware] INFO: Enabled extensions:
['scrapy.extensions.corestats.CoreStats',
 'scrapy.extensions.telnet.TelnetConsole']
2019-04-01 15:29:44 [scrapy.middleware] INFO: Enabled downloader middlewares:
['scrapy.downloadermiddlewares.robotstxt.RobotsTxtMiddleware',
 'scrapy.downloadermiddlewares.httpauth.HttpAuthMiddleware',
 'scrapy.downloadermiddlewares.downloadtimeout.DownloadTimeoutMiddleware',
 'scrapy.downloadermiddlewares.defaultheaders.DefaultHeadersMiddleware',
 'scrapy.downloadermiddlewares.useragent.UserAgentMiddleware',
 'scrapy.downloadermiddlewares.retry.RetryMiddleware',
 'scrapy.downloadermiddlewares.redirect.MetaRefreshMiddleware',
 'scrapy.downloadermiddlewares.httpcompression.HttpCompressionMiddleware',
 'scrapy.downloadermiddlewares.redirect.RedirectMiddleware',
 'scrapy.downloadermiddlewares.cookies.CookiesMiddleware',
 'scrapy.downloadermiddlewares.httpproxy.HttpProxyMiddleware',
 'scrapy.downloadermiddlewares.stats.DownloaderStats']
2019-04-01 15:29:44 [scrapy.middleware] INFO: Enabled spider middlewares:
['scrapy.spidermiddlewares.httperror.HttpErrorMiddleware',
 'scrapy.spidermiddlewares.offsite.OffsiteMiddleware',
 'scrapy.spidermiddlewares.referer.RefererMiddleware',
 'scrapy.spidermiddlewares.urllength.UrlLengthMiddleware',
 'scrapy.spidermiddlewares.depth.DepthMiddleware']
2019-04-01 15:29:44 [scrapy.middleware] INFO: Enabled item pipelines:
['qiushibaike.pipelines.QiushibaikePipeline']
2019-04-01 15:29:44 [scrapy.extensions.telnet] INFO: Telnet console listening on 127.0.0.1:6023
2019-04-01 15:29:44 [scrapy.core.engine] INFO: Spider opened
